[debug] [2025-08-26T02:26:06.610Z] ----------------------------------------------------------------------
[debug] [2025-08-26T02:26:06.613Z] Command:       C:\Program Files\nodejs\node.exe C:\Users\quoct\AppData\Roaming\npm\node_modules\firebase-tools\lib\bin\firebase.js init hosting
[debug] [2025-08-26T02:26:06.613Z] CLI Version:   14.14.0
[debug] [2025-08-26T02:26:06.613Z] Platform:      win32
[debug] [2025-08-26T02:26:06.613Z] Node Version:  v22.17.0
[debug] [2025-08-26T02:26:06.613Z] Time:          Tue Aug 26 2025 09:26:06 GMT+0700 (Indochina Time)
[debug] [2025-08-26T02:26:06.613Z] ----------------------------------------------------------------------
[debug] 
[debug] [2025-08-26T02:26:06.787Z] > command requires scopes: ["email","openid","https://www.googleapis.com/auth/cloudplatformprojects.readonly","https://www.googleapis.com/auth/firebase","https://www.googleapis.com/auth/cloud-platform"]
[debug] [2025-08-26T02:26:06.788Z] > authorizing via signed-in user (quocthai312004@gmail.com)
[info] 
     ######## #### ########  ######## ########     ###     ######  ########
     ##        ##  ##     ## ##       ##     ##  ##   ##  ##       ##
     ######    ##  ########  ######   ########  #########  ######  ######
     ##        ##  ##    ##  ##       ##     ## ##     ##       ## ##
     ##       #### ##     ## ######## ########  ##     ##  ######  ########

You're about to initialize a Firebase project in this directory:

  C:\Users\quoct\Desktop\trello-app

Before we get started, keep in mind:

  * You are initializing within an existing Firebase project directory

[info] 
=== Project Setup
[info] 
[info] First, let's associate this project directory with a Firebase project.
[info] You can create multiple project aliases by running firebase use --add, 
[info] but for now we'll just set up a default project.
[info] 
[debug] [2025-08-26T02:26:08.592Z] Using project from CLI flag: trello-64295
[debug] [2025-08-26T02:26:08.593Z] Checked if tokens are valid: true, expires at: 1756178696525
[debug] [2025-08-26T02:26:08.593Z] Checked if tokens are valid: true, expires at: 1756178696525
[debug] [2025-08-26T02:26:08.594Z] >>> [apiv2][query] GET https://firebase.googleapis.com/v1beta1/projects/trello-64295 [none]
[debug] [2025-08-26T02:26:09.202Z] <<< [apiv2][status] GET https://firebase.googleapis.com/v1beta1/projects/trello-64295 200
[debug] [2025-08-26T02:26:09.202Z] <<< [apiv2][body] GET https://firebase.googleapis.com/v1beta1/projects/trello-64295 {"projectId":"trello-64295","projectNumber":"1098084822568","displayName":"trello-database","name":"projects/trello-64295","resources":{"hostingSite":"trello-64295"},"state":"ACTIVE","etag":"1_2544bda6-edb5-40c8-bc2c-9833fa879242"}
[info] i  Using project trello-64295 (trello-database) 
[info] 
=== Hosting Setup
[debug] [2025-08-26T02:26:09.459Z] Checked if tokens are valid: true, expires at: 1756178696525
[debug] [2025-08-26T02:26:09.459Z] Checked if tokens are valid: true, expires at: 1756178696525
[debug] [2025-08-26T02:26:09.459Z] >>> [apiv2][query] GET https://firebase.googleapis.com/v1beta1/projects/trello-64295 [none]
[debug] [2025-08-26T02:26:09.882Z] <<< [apiv2][status] GET https://firebase.googleapis.com/v1beta1/projects/trello-64295 200
[debug] [2025-08-26T02:26:09.883Z] <<< [apiv2][body] GET https://firebase.googleapis.com/v1beta1/projects/trello-64295 {"projectId":"trello-64295","projectNumber":"1098084822568","displayName":"trello-database","name":"projects/trello-64295","resources":{"hostingSite":"trello-64295"},"state":"ACTIVE","etag":"1_2544bda6-edb5-40c8-bc2c-9833fa879242"}
[debug] [2025-08-26T02:26:37.703Z] Error: EPERM: operation not permitted, unlink 'C:\Users\quoct\Desktop\trello-app\hosting\node_modules\@esbuild\win32-x64\esbuild.exe'
    at unlinkSync (node:fs:1952:11)
    at _unlinkSync (node:internal/fs/rimraf:215:14)
    at fixWinEPERMSync (node:internal/fs/rimraf:307:5)
    at rimrafSync (node:internal/fs/rimraf:201:14)
    at node:internal/fs/rimraf:254:9
    at Array.forEach (<anonymous>)
    at _rmdirSync (node:internal/fs/rimraf:251:7)
    at fixWinEPERMSync (node:internal/fs/rimraf:305:5)
    at rimrafSync (node:internal/fs/rimraf:201:14)
    at node:internal/fs/rimraf:254:9
[error] 
[error] Error: An unexpected error has occurred.
[debug] [2025-08-26T02:27:21.398Z] ----------------------------------------------------------------------
[debug] [2025-08-26T02:27:21.400Z] Command:       C:\Program Files\nodejs\node.exe C:\Users\quoct\AppData\Roaming\npm\node_modules\firebase-tools\lib\bin\firebase.js deploy
[debug] [2025-08-26T02:27:21.400Z] CLI Version:   14.14.0
[debug] [2025-08-26T02:27:21.400Z] Platform:      win32
[debug] [2025-08-26T02:27:21.401Z] Node Version:  v22.17.0
[debug] [2025-08-26T02:27:21.401Z] Time:          Tue Aug 26 2025 09:27:21 GMT+0700 (Indochina Time)
[debug] [2025-08-26T02:27:21.401Z] ----------------------------------------------------------------------
[debug] 
[debug] [2025-08-26T02:27:21.580Z] > command requires scopes: ["email","openid","https://www.googleapis.com/auth/cloudplatformprojects.readonly","https://www.googleapis.com/auth/firebase","https://www.googleapis.com/auth/cloud-platform"]
[debug] [2025-08-26T02:27:21.581Z] > authorizing via signed-in user (quocthai312004@gmail.com)
[debug] [2025-08-26T02:27:21.581Z] [iam] checking project trello-64295 for permissions ["firebase.projects.get","firebasehosting.sites.update"]
[debug] [2025-08-26T02:27:21.582Z] Checked if tokens are valid: true, expires at: 1756178696525
[debug] [2025-08-26T02:27:21.582Z] Checked if tokens are valid: true, expires at: 1756178696525
[debug] [2025-08-26T02:27:21.583Z] >>> [apiv2][query] POST https://cloudresourcemanager.googleapis.com/v1/projects/trello-64295:testIamPermissions [none]
[debug] [2025-08-26T02:27:21.583Z] >>> [apiv2][(partial)header] POST https://cloudresourcemanager.googleapis.com/v1/projects/trello-64295:testIamPermissions x-goog-quota-user=projects/trello-64295
[debug] [2025-08-26T02:27:21.583Z] >>> [apiv2][body] POST https://cloudresourcemanager.googleapis.com/v1/projects/trello-64295:testIamPermissions {"permissions":["firebase.projects.get","firebasehosting.sites.update"]}
[debug] [2025-08-26T02:27:22.904Z] <<< [apiv2][status] POST https://cloudresourcemanager.googleapis.com/v1/projects/trello-64295:testIamPermissions 200
[debug] [2025-08-26T02:27:22.904Z] <<< [apiv2][body] POST https://cloudresourcemanager.googleapis.com/v1/projects/trello-64295:testIamPermissions {"permissions":["firebase.projects.get","firebasehosting.sites.update"]}
[debug] [2025-08-26T02:27:22.905Z] Checked if tokens are valid: true, expires at: 1756178696525
[debug] [2025-08-26T02:27:22.905Z] Checked if tokens are valid: true, expires at: 1756178696525
[debug] [2025-08-26T02:27:22.905Z] >>> [apiv2][query] GET https://firebase.googleapis.com/v1beta1/projects/trello-64295 [none]
[debug] [2025-08-26T02:27:24.272Z] <<< [apiv2][status] GET https://firebase.googleapis.com/v1beta1/projects/trello-64295 200
[debug] [2025-08-26T02:27:24.272Z] <<< [apiv2][body] GET https://firebase.googleapis.com/v1beta1/projects/trello-64295 {"projectId":"trello-64295","projectNumber":"1098084822568","displayName":"trello-database","name":"projects/trello-64295","resources":{"hostingSite":"trello-64295"},"state":"ACTIVE","etag":"1_2544bda6-edb5-40c8-bc2c-9833fa879242"}
[info] 
   Thank you for trying our experimental support for Vite on Firebase Hosting.
   While this integration is maintained by Googlers it is not a supported Firebase product.
   Issues filed on GitHub will be addressed on a best-effort basis by maintainers and other community members.

   Documentation: https://firebase.google.com/docs/hosting/frameworks/frameworks-overview
   File a bug: https://github.com/firebase/firebase-tools/issues/new?template=bug_report.md
   Submit a feature request: https://github.com/firebase/firebase-tools/issues/new?template=feature_request.md

   We'd love to learn from you. Express your interest in helping us shape the future of Firebase Hosting: https://goo.gle/41enW5X

[debug] [2025-08-26T02:27:36.423Z] Could not resolve entry module "index.html".
    at getRollupError (file:///C:/Users/quoct/Desktop/trello-app/hosting/node_modules/rollup/dist/es/shared/parseAst.js:401:41)
    at error (file:///C:/Users/quoct/Desktop/trello-app/hosting/node_modules/rollup/dist/es/shared/parseAst.js:397:42)
    at ModuleLoader.loadEntryModule (file:///C:/Users/quoct/Desktop/trello-app/hosting/node_modules/rollup/dist/es/shared/node-entry.js:21555:20)
    at async Promise.all (index 0)
[error] 
[error] Error: An unexpected error has occurred.
