[debug] [2025-08-26T02:10:18.712Z] ----------------------------------------------------------------------
[debug] [2025-08-26T02:10:18.714Z] Command:       C:\Program Files\nodejs\node.exe C:\Users\quoct\AppData\Roaming\npm\node_modules\firebase-tools\lib\bin\firebase.js init functions
[debug] [2025-08-26T02:10:18.714Z] CLI Version:   14.14.0
[debug] [2025-08-26T02:10:18.714Z] Platform:      win32
[debug] [2025-08-26T02:10:18.715Z] Node Version:  v22.17.0
[debug] [2025-08-26T02:10:18.715Z] Time:          Tue Aug 26 2025 09:10:18 GMT+0700 (Indochina Time)
[debug] [2025-08-26T02:10:18.715Z] ----------------------------------------------------------------------
[debug] 
[debug] [2025-08-26T02:10:18.720Z] > command requires scopes: ["email","openid","https://www.googleapis.com/auth/cloudplatformprojects.readonly","https://www.googleapis.com/auth/firebase","https://www.googleapis.com/auth/cloud-platform"]
[debug] [2025-08-26T02:10:18.720Z] > authorizing via signed-in user (quocthai312004@gmail.com)
[info] 
     ######## #### ########  ######## ########     ###     ######  ########
     ##        ##  ##     ## ##       ##     ##  ##   ##  ##       ##
     ######    ##  ########  ######   ########  #########  ######  ######
     ##        ##  ##    ##  ##       ##     ## ##     ##       ## ##
     ##       #### ##     ## ######## ########  ##     ##  ######  ########

You're about to initialize a Firebase project in this directory:

  C:\Users\quoct\Desktop\trello-app\backend

[info] 
=== Project Setup
[info] 
[info] First, let's associate this project directory with a Firebase project.
[info] You can create multiple project aliases by running firebase use --add, 
[info] but for now we'll just set up a default project.
[info] 
